# JRE version: Java(TM) SE Runtime Environment (20.0.1+9) (build 20.0.1+9-29)
# Java VM: Java HotSpot(TM) 64-Bit Server VM (20.0.1+9-29, mixed mode, sharing, tiered, compressed oops, compressed class ptrs, g1 gc, windows-amd64)
GC Precious Log:
 CardTable entry size: 512
 Card Set container configuration: InlinePtr #cards 4 size 8 Array Of Cards #cards 16 size 48 Howl #buckets 8 coarsen threshold 3686 Howl Bitmap #cards 512 size 80 coarsen threshold 460 Card regions per heap region 1 cards per card region 4096
 CPUs: 12 total, 12 available
 Memory: 16243M
 Large Page Support: Disabled
 NUMA Support: Disabled
 Compressed Oops: Enabled (Zero based)
 Heap Region Size: 2M
 Heap Min Capacity: 8M
 Heap Initial Capacity: 254M
 Heap Max Capacity: 4062M
 Pre-touch: Disabled
 Parallel Workers: 10
 Concurrent Workers: 3
 Concurrent Refinement Workers: 10
 Periodic GC: Disabled
Heap:
 garbage-first heap   total 161792K, used 75452K [0x0000000702200000, 0x0000000800000000)
  region size 2048K, 26 young (53248K), 1 survivors (2048K)
 Metaspace       used 55775K, committed 56448K, reserved 1114112K
  class space    used 6411K, committed 6720K, reserved 1048576K
GC Heap History (20 events):
Event: 8476.875 GC heap before
{Heap before GC invocations=98 (full 19):
 garbage-first heap   total 161792K, used 120383K [0x0000000702200000, 0x0000000800000000)
  region size 2048K, 47 young (96256K), 1 survivors (2048K)
 Metaspace       used 55715K, committed 56384K, reserved 1114112K
  class space    used 6411K, committed 6720K, reserved 1048576K
}
Event: 8476.876 GC heap after
{Heap after GC invocations=99 (full 19):
 garbage-first heap   total 161792K, used 26168K [0x0000000702200000, 0x0000000800000000)
  region size 2048K, 1 young (2048K), 1 survivors (2048K)
 Metaspace       used 55715K, committed 56384K, reserved 1114112K
  class space    used 6411K, committed 6720K, reserved 1048576K
}
Event: 8477.403 GC heap before
{Heap before GC invocations=99 (full 19):
 garbage-first heap   total 161792K, used 120376K [0x0000000702200000, 0x0000000800000000)
  region size 2048K, 47 young (96256K), 1 survivors (2048K)
 Metaspace       used 55722K, committed 56384K, reserved 1114112K
  class space    used 6411K, committed 6720K, reserved 1048576K
}
Event: 8477.403 GC heap after
{Heap after GC invocations=100 (full 19):
 garbage-first heap   total 161792K, used 26192K [0x0000000702200000, 0x0000000800000000)
  region size 2048K, 1 young (2048K), 1 survivors (2048K)
 Metaspace       used 55722K, committed 56384K, reserved 1114112K
  class space    used 6411K, committed 6720K, reserved 1048576K
}
Event: 8477.870 GC heap before
{Heap before GC invocations=100 (full 19):
 garbage-first heap   total 161792K, used 120400K [0x0000000702200000, 0x0000000800000000)
  region size 2048K, 47 young (96256K), 1 survivors (2048K)
 Metaspace       used 55723K, committed 56384K, reserved 1114112K
  class space    used 6411K, committed 6720K, reserved 1048576K
}
Event: 8477.871 GC heap after
{Heap after GC invocations=101 (full 19):
 garbage-first heap   total 161792K, used 26189K [0x0000000702200000, 0x0000000800000000)
  region size 2048K, 1 young (2048K), 1 survivors (2048K)
 Metaspace       used 55723K, committed 56384K, reserved 1114112K
  class space    used 6411K, committed 6720K, reserved 1048576K
}
Event: 8478.415 GC heap before
{Heap before GC invocations=101 (full 19):
 garbage-first heap   total 161792K, used 120397K [0x0000000702200000, 0x0000000800000000)
  region size 2048K, 47 young (96256K), 1 survivors (2048K)
 Metaspace       used 55733K, committed 56384K, reserved 1114112K
  class space    used 6411K, committed 6720K, reserved 1048576K
}
Event: 8478.416 GC heap after
{Heap after GC invocations=102 (full 19):
 garbage-first heap   total 161792K, used 26184K [0x0000000702200000, 0x0000000800000000)
  region size 2048K, 1 young (2048K), 1 survivors (2048K)
 Metaspace       used 55733K, committed 56384K, reserved 1114112K
  class space    used 6411K, committed 6720K, reserved 1048576K
}
Event: 8478.993 GC heap before
{Heap before GC invocations=102 (full 19):
 garbage-first heap   total 161792K, used 120392K [0x0000000702200000, 0x0000000800000000)
  region size 2048K, 47 young (96256K), 1 survivors (2048K)
 Metaspace       used 55733K, committed 56384K, reserved 1114112K
  class space    used 6411K, committed 6720K, reserved 1048576K
}
Event: 8478.994 GC heap after
{Heap after GC invocations=103 (full 19):
 garbage-first heap   total 161792K, used 26179K [0x0000000702200000, 0x0000000800000000)
  region size 2048K, 1 young (2048K), 1 survivors (2048K)
 Metaspace       used 55733K, committed 56384K, reserved 1114112K
  class space    used 6411K, committed 6720K, reserved 1048576K
}
Event: 8479.506 GC heap before
{Heap before GC invocations=103 (full 19):
 garbage-first heap   total 161792K, used 120387K [0x0000000702200000, 0x0000000800000000)
  region size 2048K, 47 young (96256K), 1 survivors (2048K)
 Metaspace       used 55759K, committed 56384K, reserved 1114112K
  class space    used 6411K, committed 6720K, reserved 1048576K
}
Event: 8479.507 GC heap after
{Heap after GC invocations=104 (full 19):
 garbage-first heap   total 161792K, used 26292K [0x0000000702200000, 0x0000000800000000)
  region size 2048K, 1 young (2048K), 1 survivors (2048K)
 Metaspace       used 55759K, committed 56384K, reserved 1114112K
  class space    used 6411K, committed 6720K, reserved 1048576K
}
Event: 8480.091 GC heap before
{Heap before GC invocations=104 (full 19):
 garbage-first heap   total 161792K, used 120500K [0x0000000702200000, 0x0000000800000000)
  region size 2048K, 47 young (96256K), 1 survivors (2048K)
 Metaspace       used 55761K, committed 56384K, reserved 1114112K
  class space    used 6411K, committed 6720K, reserved 1048576K
}
Event: 8480.092 GC heap after
{Heap after GC invocations=105 (full 19):
 garbage-first heap   total 161792K, used 26318K [0x0000000702200000, 0x0000000800000000)
  region size 2048K, 1 young (2048K), 1 survivors (2048K)
 Metaspace       used 55761K, committed 56384K, reserved 1114112K
  class space    used 6411K, committed 6720K, reserved 1048576K
}
Event: 8480.514 GC heap before
{Heap before GC invocations=105 (full 19):
 garbage-first heap   total 161792K, used 120526K [0x0000000702200000, 0x0000000800000000)
  region size 2048K, 47 young (96256K), 1 survivors (2048K)
 Metaspace       used 55764K, committed 56384K, reserved 1114112K
  class space    used 6411K, committed 6720K, reserved 1048576K
}
Event: 8480.515 GC heap after
{Heap after GC invocations=106 (full 19):
 garbage-first heap   total 161792K, used 26314K [0x0000000702200000, 0x0000000800000000)
  region size 2048K, 1 young (2048K), 1 survivors (2048K)
 Metaspace       used 55764K, committed 56384K, reserved 1114112K
  class space    used 6411K, committed 6720K, reserved 1048576K
}
Event: 8480.970 GC heap before
{Heap before GC invocations=106 (full 19):
 garbage-first heap   total 161792K, used 120522K [0x0000000702200000, 0x0000000800000000)
  region size 2048K, 47 young (96256K), 1 survivors (2048K)
 Metaspace       used 55765K, committed 56384K, reserved 1114112K
  class space    used 6411K, committed 6720K, reserved 1048576K
}
Event: 8480.971 GC heap after
{Heap after GC invocations=107 (full 19):
 garbage-first heap   total 161792K, used 26347K [0x0000000702200000, 0x0000000800000000)
  region size 2048K, 1 young (2048K), 1 survivors (2048K)
 Metaspace       used 55765K, committed 56384K, reserved 1114112K
  class space    used 6411K, committed 6720K, reserved 1048576K
}
Event: 8481.159 GC heap before
{Heap before GC invocations=107 (full 19):
 garbage-first heap   total 161792K, used 120555K [0x0000000702200000, 0x0000000800000000)
  region size 2048K, 47 young (96256K), 1 survivors (2048K)
 Metaspace       used 55775K, committed 56448K, reserved 1114112K
  class space    used 6411K, committed 6720K, reserved 1048576K
}
Event: 8481.160 GC heap after
{Heap after GC invocations=108 (full 19):
 garbage-first heap   total 161792K, used 26300K [0x0000000702200000, 0x0000000800000000)
  region size 2048K, 1 young (2048K), 1 survivors (2048K)
 Metaspace       used 55775K, committed 56448K, reserved 1114112K
  class space    used 6411K, committed 6720K, reserved 1048576K
}

