# JRE version: Java(TM) SE Runtime Environment (20.0.1+9) (build 20.0.1+9-29)
# Java VM: Java HotSpot(TM) 64-Bit Server VM (20.0.1+9-29, mixed mode, sharing, tiered, compressed oops, compressed class ptrs, g1 gc, windows-amd64)
GC Precious Log:
 CardTable entry size: 512
 Card Set container configuration: InlinePtr #cards 4 size 8 Array Of Cards #cards 16 size 48 Howl #buckets 8 coarsen threshold 3686 Howl Bitmap #cards 512 size 80 coarsen threshold 460 Card regions per heap region 1 cards per card region 4096
 CPUs: 12 total, 12 available
 Memory: 16243M
 Large Page Support: Disabled
 NUMA Support: Disabled
 Compressed Oops: Enabled (Zero based)
 Heap Region Size: 2M
 Heap Min Capacity: 8M
 Heap Initial Capacity: 254M
 Heap Max Capacity: 4062M
 Pre-touch: Disabled
 Parallel Workers: 10
 Concurrent Workers: 3
 Concurrent Refinement Workers: 10
 Periodic GC: Disabled
Heap:
 garbage-first heap   total 61440K, used 34133K [0x0000000702200000, 0x0000000800000000)
  region size 2048K, 7 young (14336K), 1 survivors (2048K)
 Metaspace       used 43694K, committed 44288K, reserved 1114112K
  class space    used 5308K, committed 5568K, reserved 1048576K
GC Heap History (20 events):
Event: 89.921 GC heap before
{Heap before GC invocations=141 (full 0):
 garbage-first heap   total 61440K, used 52529K [0x0000000702200000, 0x0000000800000000)
  region size 2048K, 15 young (30720K), 1 survivors (2048K)
 Metaspace       used 43685K, committed 44288K, reserved 1114112K
  class space    used 5308K, committed 5568K, reserved 1048576K
}
Event: 89.921 GC heap after
{Heap after GC invocations=142 (full 0):
 garbage-first heap   total 61440K, used 23826K [0x0000000702200000, 0x0000000800000000)
  region size 2048K, 1 young (2048K), 1 survivors (2048K)
 Metaspace       used 43685K, committed 44288K, reserved 1114112K
  class space    used 5308K, committed 5568K, reserved 1048576K
}
Event: 90.003 GC heap before
{Heap before GC invocations=142 (full 0):
 garbage-first heap   total 61440K, used 52498K [0x0000000702200000, 0x0000000800000000)
  region size 2048K, 15 young (30720K), 1 survivors (2048K)
 Metaspace       used 43686K, committed 44288K, reserved 1114112K
  class space    used 5308K, committed 5568K, reserved 1048576K
}
Event: 90.003 GC heap after
{Heap after GC invocations=143 (full 0):
 garbage-first heap   total 61440K, used 23868K [0x0000000702200000, 0x0000000800000000)
  region size 2048K, 1 young (2048K), 1 survivors (2048K)
 Metaspace       used 43686K, committed 44288K, reserved 1114112K
  class space    used 5308K, committed 5568K, reserved 1048576K
}
Event: 90.131 GC heap before
{Heap before GC invocations=143 (full 0):
 garbage-first heap   total 61440K, used 52540K [0x0000000702200000, 0x0000000800000000)
  region size 2048K, 15 young (30720K), 1 survivors (2048K)
 Metaspace       used 43688K, committed 44288K, reserved 1114112K
  class space    used 5308K, committed 5568K, reserved 1048576K
}
Event: 90.132 GC heap after
{Heap after GC invocations=144 (full 0):
 garbage-first heap   total 61440K, used 23817K [0x0000000702200000, 0x0000000800000000)
  region size 2048K, 1 young (2048K), 1 survivors (2048K)
 Metaspace       used 43688K, committed 44288K, reserved 1114112K
  class space    used 5308K, committed 5568K, reserved 1048576K
}
Event: 90.275 GC heap before
{Heap before GC invocations=144 (full 0):
 garbage-first heap   total 61440K, used 52489K [0x0000000702200000, 0x0000000800000000)
  region size 2048K, 15 young (30720K), 1 survivors (2048K)
 Metaspace       used 43688K, committed 44288K, reserved 1114112K
  class space    used 5308K, committed 5568K, reserved 1048576K
}
Event: 90.275 GC heap after
{Heap after GC invocations=145 (full 0):
 garbage-first heap   total 61440K, used 23943K [0x0000000702200000, 0x0000000800000000)
  region size 2048K, 1 young (2048K), 1 survivors (2048K)
 Metaspace       used 43688K, committed 44288K, reserved 1114112K
  class space    used 5308K, committed 5568K, reserved 1048576K
}
Event: 90.333 GC heap before
{Heap before GC invocations=145 (full 0):
 garbage-first heap   total 61440K, used 52615K [0x0000000702200000, 0x0000000800000000)
  region size 2048K, 15 young (30720K), 1 survivors (2048K)
 Metaspace       used 43688K, committed 44288K, reserved 1114112K
  class space    used 5308K, committed 5568K, reserved 1048576K
}
Event: 90.333 GC heap after
{Heap after GC invocations=146 (full 0):
 garbage-first heap   total 61440K, used 23890K [0x0000000702200000, 0x0000000800000000)
  region size 2048K, 1 young (2048K), 1 survivors (2048K)
 Metaspace       used 43688K, committed 44288K, reserved 1114112K
  class space    used 5308K, committed 5568K, reserved 1048576K
}
Event: 90.425 GC heap before
{Heap before GC invocations=146 (full 0):
 garbage-first heap   total 61440K, used 52562K [0x0000000702200000, 0x0000000800000000)
  region size 2048K, 15 young (30720K), 1 survivors (2048K)
 Metaspace       used 43688K, committed 44288K, reserved 1114112K
  class space    used 5308K, committed 5568K, reserved 1048576K
}
Event: 90.425 GC heap after
{Heap after GC invocations=147 (full 0):
 garbage-first heap   total 61440K, used 23888K [0x0000000702200000, 0x0000000800000000)
  region size 2048K, 1 young (2048K), 1 survivors (2048K)
 Metaspace       used 43688K, committed 44288K, reserved 1114112K
  class space    used 5308K, committed 5568K, reserved 1048576K
}
Event: 90.539 GC heap before
{Heap before GC invocations=147 (full 0):
 garbage-first heap   total 61440K, used 52560K [0x0000000702200000, 0x0000000800000000)
  region size 2048K, 15 young (30720K), 1 survivors (2048K)
 Metaspace       used 43694K, committed 44288K, reserved 1114112K
  class space    used 5308K, committed 5568K, reserved 1048576K
}
Event: 90.540 GC heap after
{Heap after GC invocations=148 (full 0):
 garbage-first heap   total 61440K, used 23834K [0x0000000702200000, 0x0000000800000000)
  region size 2048K, 1 young (2048K), 1 survivors (2048K)
 Metaspace       used 43694K, committed 44288K, reserved 1114112K
  class space    used 5308K, committed 5568K, reserved 1048576K
}
Event: 90.655 GC heap before
{Heap before GC invocations=148 (full 0):
 garbage-first heap   total 61440K, used 52506K [0x0000000702200000, 0x0000000800000000)
  region size 2048K, 15 young (30720K), 1 survivors (2048K)
 Metaspace       used 43694K, committed 44288K, reserved 1114112K
  class space    used 5308K, committed 5568K, reserved 1048576K
}
Event: 90.656 GC heap after
{Heap after GC invocations=149 (full 0):
 garbage-first heap   total 61440K, used 23834K [0x0000000702200000, 0x0000000800000000)
  region size 2048K, 1 young (2048K), 1 survivors (2048K)
 Metaspace       used 43694K, committed 44288K, reserved 1114112K
  class space    used 5308K, committed 5568K, reserved 1048576K
}
Event: 90.775 GC heap before
{Heap before GC invocations=149 (full 0):
 garbage-first heap   total 61440K, used 52506K [0x0000000702200000, 0x0000000800000000)
  region size 2048K, 15 young (30720K), 1 survivors (2048K)
 Metaspace       used 43694K, committed 44288K, reserved 1114112K
  class space    used 5308K, committed 5568K, reserved 1048576K
}
Event: 90.775 GC heap after
{Heap after GC invocations=150 (full 0):
 garbage-first heap   total 61440K, used 23849K [0x0000000702200000, 0x0000000800000000)
  region size 2048K, 1 young (2048K), 1 survivors (2048K)
 Metaspace       used 43694K, committed 44288K, reserved 1114112K
  class space    used 5308K, committed 5568K, reserved 1048576K
}
Event: 90.884 GC heap before
{Heap before GC invocations=150 (full 0):
 garbage-first heap   total 61440K, used 52521K [0x0000000702200000, 0x0000000800000000)
  region size 2048K, 15 young (30720K), 1 survivors (2048K)
 Metaspace       used 43694K, committed 44288K, reserved 1114112K
  class space    used 5308K, committed 5568K, reserved 1048576K
}
Event: 90.884 GC heap after
{Heap after GC invocations=151 (full 0):
 garbage-first heap   total 61440K, used 23893K [0x0000000702200000, 0x0000000800000000)
  region size 2048K, 1 young (2048K), 1 survivors (2048K)
 Metaspace       used 43694K, committed 44288K, reserved 1114112K
  class space    used 5308K, committed 5568K, reserved 1048576K
}

